# JRE version: OpenJDK Runtime Environment (8.0_152-b01) (build 1.8.0_152-release-1248-b01)
# Java VM: OpenJDK 64-Bit Server VM (25.152-b01 mixed mode windows-amd64 compressed oops)
Heap:
 PSYoungGen      total 479232K, used 105050K [0x00000000e0000000, 0x0000000100000000, 0x0000000100000000)
  eden space 439296K, 19% used [0x00000000e0000000,0x00000000e5477c90,0x00000000fad00000)
  from space 39936K, 46% used [0x00000000fad00000,0x00000000fbf1ef28,0x00000000fd400000)
  to   space 38912K, 0% used [0x00000000fda00000,0x00000000fda00000,0x0000000100000000)
 ParOldGen       total 140288K, used 50190K [0x00000000a0000000, 0x00000000a8900000, 0x00000000e0000000)
  object space 140288K, 35% used [0x00000000a0000000,0x00000000a3103af0,0x00000000a8900000)
 Metaspace       used 99886K, capacity 106280K, committed 106624K, reserved 1142784K
  class space    used 12430K, capacity 13587K, committed 13696K, reserved 1048576K
GC Heap History (10 events):
Event: 5285.508 GC heap before
{Heap before GC invocations=41 (full 4):
 PSYoungGen      total 478720K, used 461924K [0x00000000e0000000, 0x0000000100000000, 0x0000000100000000)
  eden space 439296K, 100% used [0x00000000e0000000,0x00000000fad00000,0x00000000fad00000)
  from space 39424K, 57% used [0x00000000fd980000,0x00000000fef991d0,0x0000000100000000)
  to   space 42496K, 0% used [0x00000000fad00000,0x00000000fad00000,0x00000000fd680000)
 ParOldGen       total 140288K, used 50174K [0x00000000a0000000, 0x00000000a8900000, 0x00000000e0000000)
  object space 140288K, 35% used [0x00000000a0000000,0x00000000a30ffaf0,0x00000000a8900000)
 Metaspace       used 98569K, capacity 104132K, committed 104192K, reserved 1140736K
  class space    used 12264K, capacity 13286K, committed 13312K, reserved 1048576K
Event: 5285.530 GC heap after
Heap after GC invocations=41 (full 4):
 PSYoungGen      total 481792K, used 15066K [0x00000000e0000000, 0x0000000100000000, 0x0000000100000000)
  eden space 439296K, 0% used [0x00000000e0000000,0x00000000e0000000,0x00000000fad00000)
  from space 42496K, 35% used [0x00000000fad00000,0x00000000fbbb6b70,0x00000000fd680000)
  to   space 40960K, 0% used [0x00000000fd800000,0x00000000fd800000,0x0000000100000000)
 ParOldGen       total 140288K, used 50174K [0x00000000a0000000, 0x00000000a8900000, 0x00000000e0000000)
  object space 140288K, 35% used [0x00000000a0000000,0x00000000a30ffaf0,0x00000000a8900000)
 Metaspace       used 98569K, capacity 104132K, committed 104192K, reserved 1140736K
  class space    used 12264K, capacity 13286K, committed 13312K, reserved 1048576K
}
Event: 5366.707 GC heap before
{Heap before GC invocations=42 (full 4):
 PSYoungGen      total 481792K, used 453603K [0x00000000e0000000, 0x0000000100000000, 0x0000000100000000)
  eden space 439296K, 99% used [0x00000000e0000000,0x00000000fac42380,0x00000000fad00000)
  from space 42496K, 35% used [0x00000000fad00000,0x00000000fbbb6b70,0x00000000fd680000)
  to   space 40960K, 0% used [0x00000000fd800000,0x00000000fd800000,0x0000000100000000)
 ParOldGen       total 140288K, used 50174K [0x00000000a0000000, 0x00000000a8900000, 0x00000000e0000000)
  object space 140288K, 35% used [0x00000000a0000000,0x00000000a30ffaf0,0x00000000a8900000)
 Metaspace       used 98667K, capacity 104328K, committed 104448K, reserved 1140736K
  class space    used 12265K, capacity 13286K, committed 13312K, reserved 1048576K
Event: 5366.752 GC heap after
Heap after GC invocations=42 (full 4):
 PSYoungGen      total 478208K, used 31730K [0x00000000e0000000, 0x0000000100000000, 0x0000000100000000)
  eden space 437248K, 0% used [0x00000000e0000000,0x00000000e0000000,0x00000000fab00000)
  from space 40960K, 77% used [0x00000000fd800000,0x00000000ff6fc930,0x0000000100000000)
  to   space 43520K, 0% used [0x00000000fab00000,0x00000000fab00000,0x00000000fd580000)
 ParOldGen       total 140288K, used 50182K [0x00000000a0000000, 0x00000000a8900000, 0x00000000e0000000)
  object space 140288K, 35% used [0x00000000a0000000,0x00000000a3101af0,0x00000000a8900000)
 Metaspace       used 98667K, capacity 104328K, committed 104448K, reserved 1140736K
  class space    used 12265K, capacity 13286K, committed 13312K, reserved 1048576K
}
Event: 5473.240 GC heap before
{Heap before GC invocations=43 (full 4):
 PSYoungGen      total 478208K, used 466996K [0x00000000e0000000, 0x0000000100000000, 0x0000000100000000)
  eden space 437248K, 99% used [0x00000000e0000000,0x00000000fa910710,0x00000000fab00000)
  from space 40960K, 77% used [0x00000000fd800000,0x00000000ff6fc930,0x0000000100000000)
  to   space 43520K, 0% used [0x00000000fab00000,0x00000000fab00000,0x00000000fd580000)
 ParOldGen       total 140288K, used 50182K [0x00000000a0000000, 0x00000000a8900000, 0x00000000e0000000)
  object space 140288K, 35% used [0x00000000a0000000,0x00000000a3101af0,0x00000000a8900000)
 Metaspace       used 98713K, capacity 104328K, committed 104448K, reserved 1140736K
  class space    used 12265K, capacity 13286K, committed 13312K, reserved 1048576K
Event: 5473.267 GC heap after
Heap after GC invocations=43 (full 4):
 PSYoungGen      total 480768K, used 22609K [0x00000000e0000000, 0x00000000ffe80000, 0x0000000100000000)
  eden space 437248K, 0% used [0x00000000e0000000,0x00000000e0000000,0x00000000fab00000)
  from space 43520K, 51% used [0x00000000fab00000,0x00000000fc114478,0x00000000fd580000)
  to   space 41472K, 0% used [0x00000000fd600000,0x00000000fd600000,0x00000000ffe80000)
 ParOldGen       total 140288K, used 50182K [0x00000000a0000000, 0x00000000a8900000, 0x00000000e0000000)
  object space 140288K, 35% used [0x00000000a0000000,0x00000000a3101af0,0x00000000a8900000)
 Metaspace       used 98713K, capacity 104328K, committed 104448K, reserved 1140736K
  class space    used 12265K, capacity 13286K, committed 13312K, reserved 1048576K
}
Event: 7809.634 GC heap before
{Heap before GC invocations=44 (full 4):
 PSYoungGen      total 480768K, used 459857K [0x00000000e0000000, 0x00000000ffe80000, 0x0000000100000000)
  eden space 437248K, 100% used [0x00000000e0000000,0x00000000fab00000,0x00000000fab00000)
  from space 43520K, 51% used [0x00000000fab00000,0x00000000fc114478,0x00000000fd580000)
  to   space 41472K, 0% used [0x00000000fd600000,0x00000000fd600000,0x00000000ffe80000)
 ParOldGen       total 140288K, used 50182K [0x00000000a0000000, 0x00000000a8900000, 0x00000000e0000000)
  object space 140288K, 35% used [0x00000000a0000000,0x00000000a3101af0,0x00000000a8900000)
 Metaspace       used 99816K, capacity 106142K, committed 106368K, reserved 1142784K
  class space    used 12424K, capacity 13576K, committed 13696K, reserved 1048576K
Event: 7809.717 GC heap after
Heap after GC invocations=44 (full 4):
 PSYoungGen      total 477184K, used 22705K [0x00000000e0000000, 0x00000000ffb00000, 0x0000000100000000)
  eden space 439296K, 0% used [0x00000000e0000000,0x00000000e0000000,0x00000000fad00000)
  from space 37888K, 59% used [0x00000000fd600000,0x00000000fec2c778,0x00000000ffb00000)
  to   space 39936K, 0% used [0x00000000fad00000,0x00000000fad00000,0x00000000fd400000)
 ParOldGen       total 140288K, used 50182K [0x00000000a0000000, 0x00000000a8900000, 0x00000000e0000000)
  object space 140288K, 35% used [0x00000000a0000000,0x00000000a3101af0,0x00000000a8900000)
 Metaspace       used 99816K, capacity 106142K, committed 106368K, reserved 1142784K
  class space    used 12424K, capacity 13576K, committed 13696K, reserved 1048576K
}
Event: 7816.600 GC heap before
{Heap before GC invocations=45 (full 4):
 PSYoungGen      total 477184K, used 461230K [0x00000000e0000000, 0x00000000ffb00000, 0x0000000100000000)
  eden space 439296K, 99% used [0x00000000e0000000,0x00000000fac3f190,0x00000000fad00000)
  from space 37888K, 59% used [0x00000000fd600000,0x00000000fec2c778,0x00000000ffb00000)
  to   space 39936K, 0% used [0x00000000fad00000,0x00000000fad00000,0x00000000fd400000)
 ParOldGen       total 140288K, used 50182K [0x00000000a0000000, 0x00000000a8900000, 0x00000000e0000000)
  object space 140288K, 35% used [0x00000000a0000000,0x00000000a3101af0,0x00000000a8900000)
 Metaspace       used 99834K, capacity 106218K, committed 106368K, reserved 1142784K
  class space    used 12425K, capacity 13578K, committed 13696K, reserved 1048576K
Event: 7816.690 GC heap after
Heap after GC invocations=45 (full 4):
 PSYoungGen      total 479232K, used 18555K [0x00000000e0000000, 0x0000000100000000, 0x0000000100000000)
  eden space 439296K, 0% used [0x00000000e0000000,0x00000000e0000000,0x00000000fad00000)
  from space 39936K, 46% used [0x00000000fad00000,0x00000000fbf1ef28,0x00000000fd400000)
  to   space 38912K, 0% used [0x00000000fda00000,0x00000000fda00000,0x0000000100000000)
 ParOldGen       total 140288K, used 50190K [0x00000000a0000000, 0x00000000a8900000, 0x00000000e0000000)
  object space 140288K, 35% used [0x00000000a0000000,0x00000000a3103af0,0x00000000a8900000)
 Metaspace       used 99834K, capacity 106218K, committed 106368K, reserved 1142784K
  class space    used 12425K, capacity 13578K, committed 13696K, reserved 1048576K
}

