# JRE version: OpenJDK Runtime Environment (8.0_152-b06) (build 1.8.0_152-release-1136-b06)
# Java VM: OpenJDK 64-Bit Server VM (25.152-b06 mixed mode windows-amd64 compressed oops)
Heap:
 PSYoungGen      total 390144K, used 125533K [0x00000000e0000000, 0x00000000f9c80000, 0x0000000100000000)
  eden space 373248K, 32% used [0x00000000e0000000,0x00000000e7560ca0,0x00000000f6c80000)
  from space 16896K, 31% used [0x00000000f8c00000,0x00000000f9136798,0x00000000f9c80000)
  to   space 24576K, 0% used [0x00000000f6c80000,0x00000000f6c80000,0x00000000f8480000)
 ParOldGen       total 130048K, used 70408K [0x00000000a0000000, 0x00000000a7f00000, 0x00000000e0000000)
  object space 130048K, 54% used [0x00000000a0000000,0x00000000a44c2350,0x00000000a7f00000)
 Metaspace       used 81842K, capacity 85448K, committed 85760K, reserved 1124352K
  class space    used 10514K, capacity 11201K, committed 11264K, reserved 1048576K
GC Heap History (10 events):
Event: 2078.177 GC heap before
{Heap before GC invocations=21 (full 3):
 PSYoungGen      total 195072K, used 195066K [0x00000000e0000000, 0x00000000f0b80000, 0x0000000100000000)
  eden space 178176K, 100% used [0x00000000e0000000,0x00000000eae00000,0x00000000eae00000)
  from space 16896K, 99% used [0x00000000eae00000,0x00000000ebe7e9e8,0x00000000ebe80000)
  to   space 19456K, 0% used [0x00000000ef880000,0x00000000ef880000,0x00000000f0b80000)
 ParOldGen       total 130048K, used 38124K [0x00000000a0000000, 0x00000000a7f00000, 0x00000000e0000000)
  object space 130048K, 29% used [0x00000000a0000000,0x00000000a253b1e0,0x00000000a7f00000)
 Metaspace       used 80213K, capacity 83604K, committed 83840K, reserved 1122304K
  class space    used 10448K, capacity 11129K, committed 11136K, reserved 1048576K
Event: 2078.204 GC heap after
Heap after GC invocations=21 (full 3):
 PSYoungGen      total 245248K, used 9127K [0x00000000e0000000, 0x00000000f0600000, 0x0000000100000000)
  eden space 231424K, 0% used [0x00000000e0000000,0x00000000e0000000,0x00000000ee200000)
  from space 13824K, 66% used [0x00000000ef880000,0x00000000f0169d00,0x00000000f0600000)
  to   space 18432K, 0% used [0x00000000ee200000,0x00000000ee200000,0x00000000ef400000)
 ParOldGen       total 130048K, used 44379K [0x00000000a0000000, 0x00000000a7f00000, 0x00000000e0000000)
  object space 130048K, 34% used [0x00000000a0000000,0x00000000a2b56d90,0x00000000a7f00000)
 Metaspace       used 80213K, capacity 83604K, committed 83840K, reserved 1122304K
  class space    used 10448K, capacity 11129K, committed 11136K, reserved 1048576K
}
Event: 2081.340 GC heap before
{Heap before GC invocations=22 (full 3):
 PSYoungGen      total 245248K, used 240551K [0x00000000e0000000, 0x00000000f0600000, 0x0000000100000000)
  eden space 231424K, 100% used [0x00000000e0000000,0x00000000ee200000,0x00000000ee200000)
  from space 13824K, 66% used [0x00000000ef880000,0x00000000f0169d00,0x00000000f0600000)
  to   space 18432K, 0% used [0x00000000ee200000,0x00000000ee200000,0x00000000ef400000)
 ParOldGen       total 130048K, used 44379K [0x00000000a0000000, 0x00000000a7f00000, 0x00000000e0000000)
  object space 130048K, 34% used [0x00000000a0000000,0x00000000a2b56d90,0x00000000a7f00000)
 Metaspace       used 81198K, capacity 84628K, committed 84736K, reserved 1122304K
  class space    used 10465K, capacity 11171K, committed 11264K, reserved 1048576K
Event: 2081.415 GC heap after
Heap after GC invocations=22 (full 3):
 PSYoungGen      total 249856K, used 18422K [0x00000000e0000000, 0x00000000f5380000, 0x0000000100000000)
  eden space 231424K, 0% used [0x00000000e0000000,0x00000000e0000000,0x00000000ee200000)
  from space 18432K, 99% used [0x00000000ee200000,0x00000000ef3fd950,0x00000000ef400000)
  to   space 25088K, 0% used [0x00000000f3b00000,0x00000000f3b00000,0x00000000f5380000)
 ParOldGen       total 130048K, used 55212K [0x00000000a0000000, 0x00000000a7f00000, 0x00000000e0000000)
  object space 130048K, 42% used [0x00000000a0000000,0x00000000a35eb168,0x00000000a7f00000)
 Metaspace       used 81198K, capacity 84628K, committed 84736K, reserved 1122304K
  class space    used 10465K, capacity 11171K, committed 11264K, reserved 1048576K
}
Event: 2082.354 GC heap before
{Heap before GC invocations=23 (full 3):
 PSYoungGen      total 249856K, used 249120K [0x00000000e0000000, 0x00000000f5380000, 0x0000000100000000)
  eden space 231424K, 99% used [0x00000000e0000000,0x00000000ee14aa18,0x00000000ee200000)
  from space 18432K, 99% used [0x00000000ee200000,0x00000000ef3fd950,0x00000000ef400000)
  to   space 25088K, 0% used [0x00000000f3b00000,0x00000000f3b00000,0x00000000f5380000)
 ParOldGen       total 130048K, used 55212K [0x00000000a0000000, 0x00000000a7f00000, 0x00000000e0000000)
  object space 130048K, 42% used [0x00000000a0000000,0x00000000a35eb168,0x00000000a7f00000)
 Metaspace       used 81378K, capacity 84876K, committed 84992K, reserved 1122304K
  class space    used 10481K, capacity 11181K, committed 11264K, reserved 1048576K
Event: 2082.379 GC heap after
Heap after GC invocations=23 (full 3):
 PSYoungGen      total 317440K, used 5345K [0x00000000e0000000, 0x00000000f5080000, 0x0000000100000000)
  eden space 295424K, 0% used [0x00000000e0000000,0x00000000e0000000,0x00000000f2080000)
  from space 22016K, 24% used [0x00000000f3b00000,0x00000000f4038720,0x00000000f5080000)
  to   space 24576K, 0% used [0x00000000f2080000,0x00000000f2080000,0x00000000f3880000)
 ParOldGen       total 130048K, used 67824K [0x00000000a0000000, 0x00000000a7f00000, 0x00000000e0000000)
  object space 130048K, 52% used [0x00000000a0000000,0x00000000a423c2c8,0x00000000a7f00000)
 Metaspace       used 81378K, capacity 84876K, committed 84992K, reserved 1122304K
  class space    used 10481K, capacity 11181K, committed 11264K, reserved 1048576K
}
Event: 2082.443 GC heap before
{Heap before GC invocations=24 (full 3):
 PSYoungGen      total 317440K, used 300094K [0x00000000e0000000, 0x00000000f5080000, 0x0000000100000000)
  eden space 295424K, 99% used [0x00000000e0000000,0x00000000f1fd7298,0x00000000f2080000)
  from space 22016K, 24% used [0x00000000f3b00000,0x00000000f4038720,0x00000000f5080000)
  to   space 24576K, 0% used [0x00000000f2080000,0x00000000f2080000,0x00000000f3880000)
 ParOldGen       total 130048K, used 67824K [0x00000000a0000000, 0x00000000a7f00000, 0x00000000e0000000)
  object space 130048K, 52% used [0x00000000a0000000,0x00000000a423c2c8,0x00000000a7f00000)
 Metaspace       used 81381K, capacity 84876K, committed 84992K, reserved 1122304K
  class space    used 10481K, capacity 11181K, committed 11264K, reserved 1048576K
Event: 2082.447 GC heap after
Heap after GC invocations=24 (full 3):
 PSYoungGen      total 320000K, used 96K [0x00000000e0000000, 0x00000000fa500000, 0x0000000100000000)
  eden space 295424K, 0% used [0x00000000e0000000,0x00000000e0000000,0x00000000f2080000)
  from space 24576K, 0% used [0x00000000f2080000,0x00000000f2098000,0x00000000f3880000)
  to   space 25600K, 0% used [0x00000000f8c00000,0x00000000f8c00000,0x00000000fa500000)
 ParOldGen       total 130048K, used 70368K [0x00000000a0000000, 0x00000000a7f00000, 0x00000000e0000000)
  object space 130048K, 54% used [0x00000000a0000000,0x00000000a44b8350,0x00000000a7f00000)
 Metaspace       used 81381K, capacity 84876K, committed 84992K, reserved 1122304K
  class space    used 10481K, capacity 11181K, committed 11264K, reserved 1048576K
}
Event: 2095.956 GC heap before
{Heap before GC invocations=25 (full 3):
 PSYoungGen      total 320000K, used 295150K [0x00000000e0000000, 0x00000000fa500000, 0x0000000100000000)
  eden space 295424K, 99% used [0x00000000e0000000,0x00000000f2023ae0,0x00000000f2080000)
  from space 24576K, 0% used [0x00000000f2080000,0x00000000f2098000,0x00000000f3880000)
  to   space 25600K, 0% used [0x00000000f8c00000,0x00000000f8c00000,0x00000000fa500000)
 ParOldGen       total 130048K, used 70368K [0x00000000a0000000, 0x00000000a7f00000, 0x00000000e0000000)
  object space 130048K, 54% used [0x00000000a0000000,0x00000000a44b8350,0x00000000a7f00000)
 Metaspace       used 81806K, capacity 85320K, committed 85504K, reserved 1124352K
  class space    used 10514K, capacity 11201K, committed 11264K, reserved 1048576K
Event: 2095.972 GC heap after
Heap after GC invocations=25 (full 3):
 PSYoungGen      total 390144K, used 5337K [0x00000000e0000000, 0x00000000f9c80000, 0x0000000100000000)
  eden space 373248K, 0% used [0x00000000e0000000,0x00000000e0000000,0x00000000f6c80000)
  from space 16896K, 31% used [0x00000000f8c00000,0x00000000f9136798,0x00000000f9c80000)
  to   space 24576K, 0% used [0x00000000f6c80000,0x00000000f6c80000,0x00000000f8480000)
 ParOldGen       total 130048K, used 70408K [0x00000000a0000000, 0x00000000a7f00000, 0x00000000e0000000)
  object space 130048K, 54% used [0x00000000a0000000,0x00000000a44c2350,0x00000000a7f00000)
 Metaspace       used 81806K, capacity 85320K, committed 85504K, reserved 1124352K
  class space    used 10514K, capacity 11201K, committed 11264K, reserved 1048576K
}

